Using pre-set license
Built from '2020.3/staging' branch; Version is '2020.3.26f1 (7298b473bc1a) revision 7510196'; Using compiler version '192528614'; Build Type 'Release'
OS: 'Windows 10  (10.0.19042) 64bit Core' Language: 'en' Physical Memory: 16251 MB
BatchMode: 1, IsHumanControllingUs: 0, StartBugReporterOnCrash: 0, Is64bit: 1, IsPro: 0

COMMAND LINE ARGUMENTS:
C:\Program Files\Unity\Hub\Editor\2020.3.26f1\2020.3.26f1\Editor\Unity.exe
-adb2
-batchMode
-noUpm
-name
AssetImportWorker0
-projectPath
C:/Users/shelb/Project SOund
-logFile
Logs/AssetImportWorker0.log
-srvPort
64914
Successfully changed project path to: C:/Users/shelb/Project SOund
C:/Users/shelb/Project SOund
Using Asset Import Pipeline V2.
Refreshing native plugins compatible for Editor in 35.78 ms, found 3 plugins.
Preloading 0 native plugins for Editor in 0.00 ms.
Initialize engine version: 2020.3.26f1 (7298b473bc1a)
[Subsystems] Discovering subsystems at path C:/Program Files/Unity/Hub/Editor/2020.3.26f1/2020.3.26f1/Editor/Data/Resources/UnitySubsystems
[Subsystems] Discovering subsystems at path C:/Users/shelb/Project SOund/Assets
GfxDevice: creating device client; threaded=0
Direct3D:
    Version:  Direct3D 11.0 [level 11.1]
    Renderer: NVIDIA GeForce RTX 2060 (ID=0x1f08)
    Vendor:   
    VRAM:     5980 MB
    Driver:   27.21.14.6172
Initialize mono
Mono path[0] = 'C:/Program Files/Unity/Hub/Editor/2020.3.26f1/2020.3.26f1/Editor/Data/Managed'
Mono path[1] = 'C:/Program Files/Unity/Hub/Editor/2020.3.26f1/2020.3.26f1/Editor/Data/MonoBleedingEdge/lib/mono/unityjit'
Mono config path = 'C:/Program Files/Unity/Hub/Editor/2020.3.26f1/2020.3.26f1/Editor/Data/MonoBleedingEdge/etc'
Using monoOptions --debugger-agent=transport=dt_socket,embedding=1,server=y,suspend=n,address=127.0.0.1:56712
Begin MonoManager ReloadAssembly
Registering precompiled unity dll's ...
Register platform support module: C:/Program Files/Unity/Hub/Editor/2020.3.26f1/2020.3.26f1/Editor/Data/PlaybackEngines/WindowsStandaloneSupport/UnityEditor.WindowsStandalone.Extensions.dll
Registered in 0.001167 seconds.
Native extension for WindowsStandalone target not found
Refreshing native plugins compatible for Editor in 29.93 ms, found 3 plugins.
Preloading 0 native plugins for Editor in 0.00 ms.
Mono: successfully reloaded assembly
- Completed reload, in  0.367 seconds
Domain Reload Profiling:
	ReloadAssembly (367ms)
		BeginReloadAssembly (34ms)
			ExecutionOrderSort (0ms)
			DisableScriptedObjects (0ms)
			BackupInstance (0ms)
			ReleaseScriptingObjects (0ms)
			CreateAndSetChildDomain (1ms)
		EndReloadAssembly (287ms)
			LoadAssemblies (32ms)
			RebuildTransferFunctionScriptingTraits (0ms)
			SetupTypeCache (91ms)
			ReleaseScriptCaches (0ms)
			RebuildScriptCaches (21ms)
			SetupLoadedEditorAssemblies (110ms)
				LogAssemblyErrors (0ms)
				InitializePlatformSupportModulesInManaged (3ms)
				SetLoadedEditorAssemblies (0ms)
				RefreshPlugins (30ms)
				BeforeProcessingInitializeOnLoad (6ms)
				ProcessInitializeOnLoadAttributes (53ms)
				ProcessInitializeOnLoadMethodAttributes (18ms)
				AfterProcessingInitializeOnLoad (0ms)
				EditorAssembliesLoaded (0ms)
			ExecutionOrderSort2 (0ms)
			AwakeInstancesAfterBackupRestoration (0ms)
Platform modules already initialized, skipping
Registering precompiled user dll's ...
Registered in 0.002784 seconds.
Begin MonoManager ReloadAssembly
Native extension for WindowsStandalone target not found
Refreshing native plugins compatible for Editor in 29.44 ms, found 3 plugins.
Preloading 0 native plugins for Editor in 0.00 ms.
Mono: successfully reloaded assembly
- Completed reload, in  0.705 seconds
Domain Reload Profiling:
	ReloadAssembly (705ms)
		BeginReloadAssembly (91ms)
			ExecutionOrderSort (0ms)
			DisableScriptedObjects (3ms)
			BackupInstance (0ms)
			ReleaseScriptingObjects (0ms)
			CreateAndSetChildDomain (13ms)
		EndReloadAssembly (575ms)
			LoadAssemblies (60ms)
			RebuildTransferFunctionScriptingTraits (0ms)
			SetupTypeCache (191ms)
			ReleaseScriptCaches (0ms)
			RebuildScriptCaches (31ms)
			SetupLoadedEditorAssemblies (218ms)
				LogAssemblyErrors (0ms)
				InitializePlatformSupportModulesInManaged (2ms)
				SetLoadedEditorAssemblies (0ms)
				RefreshPlugins (29ms)
				BeforeProcessingInitializeOnLoad (44ms)
				ProcessInitializeOnLoadAttributes (125ms)
				ProcessInitializeOnLoadMethodAttributes (12ms)
				AfterProcessingInitializeOnLoad (4ms)
				EditorAssembliesLoaded (0ms)
			ExecutionOrderSort2 (0ms)
			AwakeInstancesAfterBackupRestoration (4ms)
Platform modules already initialized, skipping
========================================================================
Worker process is ready to serve import requests
Launched and connected shader compiler UnityShaderCompiler.exe after 0.04 seconds
Refreshing native plugins compatible for Editor in 0.38 ms, found 3 plugins.
Preloading 0 native plugins for Editor in 0.00 ms.
Unloading 2198 Unused Serialized files (Serialized files now loaded: 0)
System memory in use before: 95.8 MB.
System memory in use after: 95.9 MB.

Unloading 28 unused Assets to reduce memory usage. Loaded Objects now: 2631.
Total: 2.022500 ms (FindLiveObjects: 0.111400 ms CreateObjectMapping: 0.045000 ms MarkObjects: 1.805700 ms  DeleteObjects: 0.059500 ms)

AssetImportParameters requested are different than current active one (requested -> active):
  custom:framework-win-MediaFoundation: 216162199b28c13a410421893ffa2e32 -> 
  custom:video-decoder-ogg-theora: a1e56fd34408186e4bbccfd4996cb3dc -> 
  custom:container-muxer-webm: aa71ff27fc2769a1b78a27578f13a17b -> 
  custom:container-demuxer-webm: 4f35f7cbe854078d1ac9338744f61a02 -> 
  custom:container-demuxer-ogg: 62fdf1f143b41e24485cea50d1cbac27 -> 
  custom:video-encoder-webm-vp8: eb34c28f22e8b96e1ab97ce403110664 -> 
  custom:video-decoder-webm-vp8: 9c59270c3fd7afecdb556c50c9e8de78 -> 
  custom:audio-decoder-ogg-vorbis: bf7c407c2cedff20999df2af8eb42d56 -> 
  custom:audio-encoder-webm-vorbis: bf7c407c2cedff20999df2af8eb42d56 -> 
========================================================================
Received Import Request.
  path: Assets
  artifactKey: Guid(00000000000000001000000000000000) Importer(815301076,1909f56bfc062723c751e8b465ee728b)
Start importing Assets using Guid(00000000000000001000000000000000) Importer(815301076,1909f56bfc062723c751e8b465ee728b)  -> (artifact id: '42d402b061de3733987d63b9cc3b64de') in 0.006261 seconds 
  Import took 0.008509 seconds .

========================================================================
Received Import Request.
  Time since last request: 27.946318 seconds.
  path: Assets/ANi
  artifactKey: Guid(33c38478f12e3754a8545312ec08dd4f) Importer(815301076,1909f56bfc062723c751e8b465ee728b)
Start importing Assets/ANi using Guid(33c38478f12e3754a8545312ec08dd4f) Importer(815301076,1909f56bfc062723c751e8b465ee728b)  -> (artifact id: '41bd705b64b937de5bc8540c8ee42abc') in 0.004880 seconds 
  Import took 0.007391 seconds .

========================================================================
Received Import Request.
  Time since last request: 9.337303 seconds.
  path: Assets/Animations
  artifactKey: Guid(33c38478f12e3754a8545312ec08dd4f) Importer(815301076,1909f56bfc062723c751e8b465ee728b)
Start importing Assets/Animations using Guid(33c38478f12e3754a8545312ec08dd4f) Importer(815301076,1909f56bfc062723c751e8b465ee728b)  -> (artifact id: '207d8c1b9ab448b3d2b38a6f416b46fd') in 0.005119 seconds 
  Import took 0.007837 seconds .

========================================================================
Received Import Request.
  Time since last request: 36.382967 seconds.
  path: Assets/Sounds
  artifactKey: Guid(a00eb9c49b3104a458b2e6cc2636f58b) Importer(815301076,1909f56bfc062723c751e8b465ee728b)
Start importing Assets/Sounds using Guid(a00eb9c49b3104a458b2e6cc2636f58b) Importer(815301076,1909f56bfc062723c751e8b465ee728b)  -> (artifact id: '197f0bac092f6444a0a535159b135a96') in 0.004433 seconds 
  Import took 0.006897 seconds .

========================================================================
Received Import Request.
  Time since last request: 7.419507 seconds.
  path: Assets/Sprites
  artifactKey: Guid(19d4effd434f5b54590407b891eef776) Importer(815301076,1909f56bfc062723c751e8b465ee728b)
Start importing Assets/Sprites using Guid(19d4effd434f5b54590407b891eef776) Importer(815301076,1909f56bfc062723c751e8b465ee728b)  -> (artifact id: '56f209c16f91fe0a36f6e0676128f4c6') in 0.004236 seconds 
  Import took 0.006570 seconds .

========================================================================
Received Import Request.
  Time since last request: 17.371295 seconds.
  path: Assets/Scripts
  artifactKey: Guid(79e13410214aa5a4cbd270d88498c86c) Importer(815301076,1909f56bfc062723c751e8b465ee728b)
Start importing Assets/Scripts using Guid(79e13410214aa5a4cbd270d88498c86c) Importer(815301076,1909f56bfc062723c751e8b465ee728b)  -> (artifact id: '362cb36546cfc99a4fc0f85374a17a71') in 0.004460 seconds 
  Import took 0.006959 seconds .

========================================================================
Received Import Request.
  Time since last request: 15.351710 seconds.
  path: Assets/Scripts/Cat Controller.cs
  artifactKey: Guid(9cd7f63ac7ab11540bece1c9ea0ede32) Importer(815301076,1909f56bfc062723c751e8b465ee728b)
Start importing Assets/Scripts/Cat Controller.cs using Guid(9cd7f63ac7ab11540bece1c9ea0ede32) Importer(815301076,1909f56bfc062723c751e8b465ee728b)  -> (artifact id: '152b24ce5ab3e014cb66d4bce6a30549') in 0.023118 seconds 
  Import took 0.025536 seconds .

========================================================================
Received Prepare
Registering precompiled user dll's ...
Registered in 0.002643 seconds.
Begin MonoManager ReloadAssembly
Native extension for WindowsStandalone target not found
Refreshing native plugins compatible for Editor in 0.34 ms, found 3 plugins.
Preloading 0 native plugins for Editor in 0.00 ms.
Mono: successfully reloaded assembly
- Completed reload, in  0.624 seconds
Domain Reload Profiling:
	ReloadAssembly (624ms)
		BeginReloadAssembly (74ms)
			ExecutionOrderSort (0ms)
			DisableScriptedObjects (4ms)
			BackupInstance (0ms)
			ReleaseScriptingObjects (0ms)
			CreateAndSetChildDomain (23ms)
		EndReloadAssembly (509ms)
			LoadAssemblies (55ms)
			RebuildTransferFunctionScriptingTraits (0ms)
			SetupTypeCache (180ms)
			ReleaseScriptCaches (1ms)
			RebuildScriptCaches (28ms)
			SetupLoadedEditorAssemblies (185ms)
				LogAssemblyErrors (0ms)
				InitializePlatformSupportModulesInManaged (3ms)
				SetLoadedEditorAssemblies (0ms)
				RefreshPlugins (0ms)
				BeforeProcessingInitializeOnLoad (40ms)
				ProcessInitializeOnLoadAttributes (131ms)
				ProcessInitializeOnLoadMethodAttributes (7ms)
				AfterProcessingInitializeOnLoad (4ms)
				EditorAssembliesLoaded (0ms)
			ExecutionOrderSort2 (0ms)
			AwakeInstancesAfterBackupRestoration (5ms)
Platform modules already initialized, skipping
Refreshing native plugins compatible for Editor in 0.31 ms, found 3 plugins.
Preloading 0 native plugins for Editor in 0.00 ms.
Unloading 2188 Unused Serialized files (Serialized files now loaded: 0)
System memory in use before: 95.2 MB.
System memory in use after: 95.3 MB.

Unloading 17 unused Assets to reduce memory usage. Loaded Objects now: 2634.
Total: 1.910800 ms (FindLiveObjects: 0.110600 ms CreateObjectMapping: 0.041300 ms MarkObjects: 1.746400 ms  DeleteObjects: 0.011800 ms)

AssetImportParameters requested are different than current active one (requested -> active):
  custom:framework-win-MediaFoundation: 216162199b28c13a410421893ffa2e32 -> 
  custom:video-decoder-ogg-theora: a1e56fd34408186e4bbccfd4996cb3dc -> 
  custom:container-muxer-webm: aa71ff27fc2769a1b78a27578f13a17b -> 
  custom:container-demuxer-webm: 4f35f7cbe854078d1ac9338744f61a02 -> 
  custom:container-demuxer-ogg: 62fdf1f143b41e24485cea50d1cbac27 -> 
  custom:video-encoder-webm-vp8: eb34c28f22e8b96e1ab97ce403110664 -> 
  custom:video-decoder-webm-vp8: 9c59270c3fd7afecdb556c50c9e8de78 -> 
  custom:audio-decoder-ogg-vorbis: bf7c407c2cedff20999df2af8eb42d56 -> 
  custom:audio-encoder-webm-vorbis: bf7c407c2cedff20999df2af8eb42d56 -> 
========================================================================
Received Prepare
Registering precompiled user dll's ...
Registered in 0.002612 seconds.
Begin MonoManager ReloadAssembly
Native extension for WindowsStandalone target not found
Refreshing native plugins compatible for Editor in 0.33 ms, found 3 plugins.
Preloading 0 native plugins for Editor in 0.00 ms.
Mono: successfully reloaded assembly
- Completed reload, in  0.623 seconds
Domain Reload Profiling:
	ReloadAssembly (623ms)
		BeginReloadAssembly (72ms)
			ExecutionOrderSort (0ms)
			DisableScriptedObjects (4ms)
			BackupInstance (0ms)
			ReleaseScriptingObjects (0ms)
			CreateAndSetChildDomain (22ms)
		EndReloadAssembly (510ms)
			LoadAssemblies (57ms)
			RebuildTransferFunctionScriptingTraits (0ms)
			SetupTypeCache (178ms)
			ReleaseScriptCaches (1ms)
			RebuildScriptCaches (27ms)
			SetupLoadedEditorAssemblies (188ms)
				LogAssemblyErrors (0ms)
				InitializePlatformSupportModulesInManaged (3ms)
				SetLoadedEditorAssemblies (0ms)
				RefreshPlugins (0ms)
				BeforeProcessingInitializeOnLoad (39ms)
				ProcessInitializeOnLoadAttributes (133ms)
				ProcessInitializeOnLoadMethodAttributes (7ms)
				AfterProcessingInitializeOnLoad (4ms)
				EditorAssembliesLoaded (0ms)
			ExecutionOrderSort2 (0ms)
			AwakeInstancesAfterBackupRestoration (5ms)
Platform modules already initialized, skipping
Refreshing native plugins compatible for Editor in 0.34 ms, found 3 plugins.
Preloading 0 native plugins for Editor in 0.00 ms.
Unloading 2188 Unused Serialized files (Serialized files now loaded: 0)
System memory in use before: 95.3 MB.
System memory in use after: 95.4 MB.

Unloading 17 unused Assets to reduce memory usage. Loaded Objects now: 2636.
Total: 1.880800 ms (FindLiveObjects: 0.110800 ms CreateObjectMapping: 0.041300 ms MarkObjects: 1.716000 ms  DeleteObjects: 0.011900 ms)

AssetImportParameters requested are different than current active one (requested -> active):
  custom:framework-win-MediaFoundation: 216162199b28c13a410421893ffa2e32 -> 
  custom:video-decoder-ogg-theora: a1e56fd34408186e4bbccfd4996cb3dc -> 
  custom:container-muxer-webm: aa71ff27fc2769a1b78a27578f13a17b -> 
  custom:container-demuxer-webm: 4f35f7cbe854078d1ac9338744f61a02 -> 
  custom:container-demuxer-ogg: 62fdf1f143b41e24485cea50d1cbac27 -> 
  custom:video-encoder-webm-vp8: eb34c28f22e8b96e1ab97ce403110664 -> 
  custom:video-decoder-webm-vp8: 9c59270c3fd7afecdb556c50c9e8de78 -> 
  custom:audio-decoder-ogg-vorbis: bf7c407c2cedff20999df2af8eb42d56 -> 
  custom:audio-encoder-webm-vorbis: bf7c407c2cedff20999df2af8eb42d56 -> 
========================================================================
Received Prepare
Registering precompiled user dll's ...
Registered in 0.002781 seconds.
Begin MonoManager ReloadAssembly
Native extension for WindowsStandalone target not found
Refreshing native plugins compatible for Editor in 0.35 ms, found 3 plugins.
Preloading 0 native plugins for Editor in 0.00 ms.
Mono: successfully reloaded assembly
- Completed reload, in  0.646 seconds
Domain Reload Profiling:
	ReloadAssembly (646ms)
		BeginReloadAssembly (78ms)
			ExecutionOrderSort (0ms)
			DisableScriptedObjects (4ms)
			BackupInstance (0ms)
			ReleaseScriptingObjects (0ms)
			CreateAndSetChildDomain (24ms)
		EndReloadAssembly (529ms)
			LoadAssemblies (58ms)
			RebuildTransferFunctionScriptingTraits (0ms)
			SetupTypeCache (188ms)
			ReleaseScriptCaches (1ms)
			RebuildScriptCaches (26ms)
			SetupLoadedEditorAssemblies (193ms)
				LogAssemblyErrors (0ms)
				InitializePlatformSupportModulesInManaged (3ms)
				SetLoadedEditorAssemblies (0ms)
				RefreshPlugins (0ms)
				BeforeProcessingInitializeOnLoad (40ms)
				ProcessInitializeOnLoadAttributes (138ms)
				ProcessInitializeOnLoadMethodAttributes (7ms)
				AfterProcessingInitializeOnLoad (4ms)
				EditorAssembliesLoaded (0ms)
			ExecutionOrderSort2 (0ms)
			AwakeInstancesAfterBackupRestoration (6ms)
Platform modules already initialized, skipping
Refreshing native plugins compatible for Editor in 0.32 ms, found 3 plugins.
Preloading 0 native plugins for Editor in 0.00 ms.
Unloading 2187 Unused Serialized files (Serialized files now loaded: 0)
System memory in use before: 95.3 MB.
System memory in use after: 95.4 MB.

Unloading 18 unused Assets to reduce memory usage. Loaded Objects now: 2637.
Total: 2.066000 ms (FindLiveObjects: 0.107600 ms CreateObjectMapping: 0.042400 ms MarkObjects: 1.902600 ms  DeleteObjects: 0.012600 ms)

AssetImportParameters requested are different than current active one (requested -> active):
  custom:framework-win-MediaFoundation: 216162199b28c13a410421893ffa2e32 -> 
  custom:video-decoder-ogg-theora: a1e56fd34408186e4bbccfd4996cb3dc -> 
  custom:container-muxer-webm: aa71ff27fc2769a1b78a27578f13a17b -> 
  custom:container-demuxer-webm: 4f35f7cbe854078d1ac9338744f61a02 -> 
  custom:container-demuxer-ogg: 62fdf1f143b41e24485cea50d1cbac27 -> 
  custom:video-encoder-webm-vp8: eb34c28f22e8b96e1ab97ce403110664 -> 
  custom:video-decoder-webm-vp8: 9c59270c3fd7afecdb556c50c9e8de78 -> 
  custom:audio-decoder-ogg-vorbis: bf7c407c2cedff20999df2af8eb42d56 -> 
  custom:audio-encoder-webm-vorbis: bf7c407c2cedff20999df2af8eb42d56 -> 
========================================================================
Received Import Request.
  Time since last request: 41.220707 seconds.
  path: Assets/Scripts/Soundscript.cs
  artifactKey: Guid(34b9382e0c4232f498a4b809664c47d8) Importer(815301076,1909f56bfc062723c751e8b465ee728b)
Start importing Assets/Scripts/Soundscript.cs using Guid(34b9382e0c4232f498a4b809664c47d8) Importer(815301076,1909f56bfc062723c751e8b465ee728b)  -> (artifact id: '4e8a98718986282f84996011dc80a975') in 0.005786 seconds 
  Import took 0.007888 seconds .

========================================================================
Received Import Request.
  Time since last request: 6.840864 seconds.
  path: Assets/Scripts/Cat Controller.cs
  artifactKey: Guid(34b9382e0c4232f498a4b809664c47d8) Importer(815301076,1909f56bfc062723c751e8b465ee728b)
Start importing Assets/Scripts/Cat Controller.cs using Guid(34b9382e0c4232f498a4b809664c47d8) Importer(815301076,1909f56bfc062723c751e8b465ee728b)  -> (artifact id: '8a21aa0db03bd6e2972ae35b8a8947d4') in 0.001379 seconds 
  Import took 0.003975 seconds .

========================================================================
Received Prepare
Registering precompiled user dll's ...
Registered in 0.003003 seconds.
Begin MonoManager ReloadAssembly
Native extension for WindowsStandalone target not found
Refreshing native plugins compatible for Editor in 0.33 ms, found 3 plugins.
Preloading 0 native plugins for Editor in 0.00 ms.
Mono: successfully reloaded assembly
- Completed reload, in  0.625 seconds
Domain Reload Profiling:
	ReloadAssembly (625ms)
		BeginReloadAssembly (81ms)
			ExecutionOrderSort (0ms)
			DisableScriptedObjects (4ms)
			BackupInstance (0ms)
			ReleaseScriptingObjects (0ms)
			CreateAndSetChildDomain (23ms)
		EndReloadAssembly (504ms)
			LoadAssemblies (55ms)
			RebuildTransferFunctionScriptingTraits (0ms)
			SetupTypeCache (182ms)
			ReleaseScriptCaches (1ms)
			RebuildScriptCaches (26ms)
			SetupLoadedEditorAssemblies (180ms)
				LogAssemblyErrors (0ms)
				InitializePlatformSupportModulesInManaged (3ms)
				SetLoadedEditorAssemblies (0ms)
				RefreshPlugins (0ms)
				BeforeProcessingInitializeOnLoad (39ms)
				ProcessInitializeOnLoadAttributes (127ms)
				ProcessInitializeOnLoadMethodAttributes (7ms)
				AfterProcessingInitializeOnLoad (4ms)
				EditorAssembliesLoaded (0ms)
			ExecutionOrderSort2 (0ms)
			AwakeInstancesAfterBackupRestoration (5ms)
Platform modules already initialized, skipping
Refreshing native plugins compatible for Editor in 0.30 ms, found 3 plugins.
Preloading 0 native plugins for Editor in 0.00 ms.
Unloading 2187 Unused Serialized files (Serialized files now loaded: 0)
System memory in use before: 95.3 MB.
System memory in use after: 95.4 MB.

Unloading 17 unused Assets to reduce memory usage. Loaded Objects now: 2639.
Total: 1.907400 ms (FindLiveObjects: 0.100400 ms CreateObjectMapping: 0.042000 ms MarkObjects: 1.740600 ms  DeleteObjects: 0.023600 ms)

AssetImportParameters requested are different than current active one (requested -> active):
  custom:framework-win-MediaFoundation: 216162199b28c13a410421893ffa2e32 -> 
  custom:video-decoder-ogg-theora: a1e56fd34408186e4bbccfd4996cb3dc -> 
  custom:container-muxer-webm: aa71ff27fc2769a1b78a27578f13a17b -> 
  custom:container-demuxer-webm: 4f35f7cbe854078d1ac9338744f61a02 -> 
  custom:container-demuxer-ogg: 62fdf1f143b41e24485cea50d1cbac27 -> 
  custom:video-encoder-webm-vp8: eb34c28f22e8b96e1ab97ce403110664 -> 
  custom:video-decoder-webm-vp8: 9c59270c3fd7afecdb556c50c9e8de78 -> 
  custom:audio-decoder-ogg-vorbis: bf7c407c2cedff20999df2af8eb42d56 -> 
  custom:audio-encoder-webm-vorbis: bf7c407c2cedff20999df2af8eb42d56 -> 
========================================================================
Received Import Request.
  Time since last request: 293.227075 seconds.
  path: Assets/Sprites/Dead (1).png
  artifactKey: Guid(374798f147d6bb5418e87a986c59b0a8) Importer(815301076,1909f56bfc062723c751e8b465ee728b)
Start importing Assets/Sprites/Dead (1).png using Guid(374798f147d6bb5418e87a986c59b0a8) Importer(815301076,1909f56bfc062723c751e8b465ee728b)  -> (artifact id: 'd5a8f522956595c567988ac604b1b7f9') in 0.071086 seconds 
  Import took 0.073755 seconds .

========================================================================
Received Import Request.
  Time since last request: 0.000267 seconds.
  path: Assets/Sprites/Jump (8).png
  artifactKey: Guid(9565aba98af792d4b84b98f4dcd730c3) Importer(815301076,1909f56bfc062723c751e8b465ee728b)
Start importing Assets/Sprites/Jump (8).png using Guid(9565aba98af792d4b84b98f4dcd730c3) Importer(815301076,1909f56bfc062723c751e8b465ee728b)  -> (artifact id: '6aea614032ee6696bd4337c25c77fddd') in 0.017570 seconds 
  Import took 0.019993 seconds .

========================================================================
Received Import Request.
  Time since last request: 0.000127 seconds.
  path: Assets/Sprites/Dead (6).png
  artifactKey: Guid(ac27aec81e2dcf14ea01642b99fbef5c) Importer(815301076,1909f56bfc062723c751e8b465ee728b)
Start importing Assets/Sprites/Dead (6).png using Guid(ac27aec81e2dcf14ea01642b99fbef5c) Importer(815301076,1909f56bfc062723c751e8b465ee728b)  -> (artifact id: 'c02f68a5921e36357f5bd375d3cae063') in 0.031179 seconds 
  Import took 0.033722 seconds .

========================================================================
Received Import Request.
  Time since last request: 0.000137 seconds.
  path: Assets/Sprites/Jump (7).png
  artifactKey: Guid(4367b7158d1f71a4d9afe6cb5debb3d3) Importer(815301076,1909f56bfc062723c751e8b465ee728b)
Start importing Assets/Sprites/Jump (7).png using Guid(4367b7158d1f71a4d9afe6cb5debb3d3) Importer(815301076,1909f56bfc062723c751e8b465ee728b)  -> (artifact id: '6a3ce9263e13721b1e47cb28f671c983') in 0.009333 seconds 
  Import took 0.011775 seconds .

========================================================================
Received Import Request.
  Time since last request: 0.000124 seconds.
  path: Assets/Sprites/Hurt (7).png
  artifactKey: Guid(e919dc5ec8c63cf4c80bb8d00dd80c65) Importer(815301076,1909f56bfc062723c751e8b465ee728b)
Start importing Assets/Sprites/Hurt (7).png using Guid(e919dc5ec8c63cf4c80bb8d00dd80c65) Importer(815301076,1909f56bfc062723c751e8b465ee728b)  -> (artifact id: '0ce7bcb619052b9a12e553dcaaadfb7f') in 0.010097 seconds 
  Import took 0.012789 seconds .

========================================================================
Received Import Request.
  Time since last request: 0.000136 seconds.
  path: Assets/Sprites/Dead (7).png
  artifactKey: Guid(9401f7522c959324f9abc92879749789) Importer(815301076,1909f56bfc062723c751e8b465ee728b)
Start importing Assets/Sprites/Dead (7).png using Guid(9401f7522c959324f9abc92879749789) Importer(815301076,1909f56bfc062723c751e8b465ee728b)  -> (artifact id: '689ae37f672e90a031bdbaf576d0125a') in 0.010368 seconds 
  Import took 0.013247 seconds .

========================================================================
Received Import Request.
  Time since last request: 0.000123 seconds.
  path: Assets/Sprites/Hurt (4).png
  artifactKey: Guid(982885fc1af82154489f7876ccf51959) Importer(815301076,1909f56bfc062723c751e8b465ee728b)
Start importing Assets/Sprites/Hurt (4).png using Guid(982885fc1af82154489f7876ccf51959) Importer(815301076,1909f56bfc062723c751e8b465ee728b)  -> (artifact id: '1728cdb158005d0b4d357662870bed7d') in 0.010623 seconds 
  Import took 0.013115 seconds .

========================================================================
Received Import Request.
  Time since last request: 0.000129 seconds.
  path: Assets/Sprites/Hurt (10).png
  artifactKey: Guid(0ff9e889e8571cc488183166eb55836f) Importer(815301076,1909f56bfc062723c751e8b465ee728b)
Start importing Assets/Sprites/Hurt (10).png using Guid(0ff9e889e8571cc488183166eb55836f) Importer(815301076,1909f56bfc062723c751e8b465ee728b)  -> (artifact id: 'a02bfcf5c4d1db50bf13939af77d37f8') in 0.009803 seconds 
  Import took 0.012273 seconds .

========================================================================
Received Import Request.
  Time since last request: 0.000132 seconds.
  path: Assets/Sprites/Fall (5).png
  artifactKey: Guid(9b5d72cd7b6b0b54b9628abf1162cd48) Importer(815301076,1909f56bfc062723c751e8b465ee728b)
Start importing Assets/Sprites/Fall (5).png using Guid(9b5d72cd7b6b0b54b9628abf1162cd48) Importer(815301076,1909f56bfc062723c751e8b465ee728b)  -> (artifact id: '477279facc99f269556ceafac033e687') in 0.009890 seconds 
  Import took 0.012418 seconds .

========================================================================
Received Import Request.
  Time since last request: 0.000159 seconds.
  path: Assets/Sprites/Jump (2).png
  artifactKey: Guid(701b3a01421bee642ab5a6d9e862ab9a) Importer(815301076,1909f56bfc062723c751e8b465ee728b)
Start importing Assets/Sprites/Jump (2).png using Guid(701b3a01421bee642ab5a6d9e862ab9a) Importer(815301076,1909f56bfc062723c751e8b465ee728b)  -> (artifact id: 'e87c81d3d633af7c3afc9a53c4395dae') in 0.009371 seconds 
  Import took 0.012110 seconds .

========================================================================
Received Import Request.
  Time since last request: 0.000133 seconds.
  path: Assets/Sprites/Jump (4).png
  artifactKey: Guid(e477aae274563334eaf1ed53f2113da1) Importer(815301076,1909f56bfc062723c751e8b465ee728b)
Start importing Assets/Sprites/Jump (4).png using Guid(e477aae274563334eaf1ed53f2113da1) Importer(815301076,1909f56bfc062723c751e8b465ee728b)  -> (artifact id: '90e0b3778dbeae2059ba5833dd0ccd17') in 0.009395 seconds 
  Import took 0.011897 seconds .

========================================================================
Received Import Request.
  Time since last request: 0.000128 seconds.
  path: Assets/Sprites/Run (1).png
  artifactKey: Guid(53ce0e14085f627459aee16e22afaa32) Importer(815301076,1909f56bfc062723c751e8b465ee728b)
Start importing Assets/Sprites/Run (1).png using Guid(53ce0e14085f627459aee16e22afaa32) Importer(815301076,1909f56bfc062723c751e8b465ee728b)  -> (artifact id: '0d11dd3902a3bba2b6304a297b8c6d13') in 0.009377 seconds 
  Import took 0.011710 seconds .

========================================================================
Received Import Request.
  Time since last request: 0.000139 seconds.
  path: Assets/Sprites/Slide (1).png
  artifactKey: Guid(8d06680cc9c2ab345a668117089cd69a) Importer(815301076,1909f56bfc062723c751e8b465ee728b)
Start importing Assets/Sprites/Slide (1).png using Guid(8d06680cc9c2ab345a668117089cd69a) Importer(815301076,1909f56bfc062723c751e8b465ee728b)  -> (artifact id: 'ec7d099c077b1db79841b1d31f8a630c') in 0.008784 seconds 
  Import took 0.011049 seconds .

========================================================================
Received Import Request.
  Time since last request: 0.000121 seconds.
  path: Assets/Sprites/Hurt (9).png
  artifactKey: Guid(2a3ca0e63c957684887fdd54c5b269a0) Importer(815301076,1909f56bfc062723c751e8b465ee728b)
Start importing Assets/Sprites/Hurt (9).png using Guid(2a3ca0e63c957684887fdd54c5b269a0) Importer(815301076,1909f56bfc062723c751e8b465ee728b)  -> (artifact id: 'dd1c44c4b23c52ca7480774556f540af') in 0.009171 seconds 
  Import took 0.011610 seconds .

========================================================================
Received Import Request.
  Time since last request: 0.000155 seconds.
  path: Assets/Sprites/Hurt (3).png
  artifactKey: Guid(a48684c50f5f0ad4db586b1693579ad4) Importer(815301076,1909f56bfc062723c751e8b465ee728b)
Start importing Assets/Sprites/Hurt (3).png using Guid(a48684c50f5f0ad4db586b1693579ad4) Importer(815301076,1909f56bfc062723c751e8b465ee728b)  -> (artifact id: '00a23922435bbbf139c856bdbe51be16') in 0.009409 seconds 
  Import took 0.011800 seconds .

========================================================================
Received Import Request.
  Time since last request: 0.000127 seconds.
  path: Assets/Sprites/Idle (5).png
  artifactKey: Guid(bda42925e9cf4b04e8787add669b75a8) Importer(815301076,1909f56bfc062723c751e8b465ee728b)
Start importing Assets/Sprites/Idle (5).png using Guid(bda42925e9cf4b04e8787add669b75a8) Importer(815301076,1909f56bfc062723c751e8b465ee728b)  -> (artifact id: '3ecc6b61400559509aca0991ab16357e') in 0.009309 seconds 
  Import took 0.011687 seconds .

========================================================================
Received Import Request.
  Time since last request: 0.000137 seconds.
  path: Assets/Sprites/Fall (6).png
  artifactKey: Guid(e7b5c4aa08cc64842b9969d07531860e) Importer(815301076,1909f56bfc062723c751e8b465ee728b)
Start importing Assets/Sprites/Fall (6).png using Guid(e7b5c4aa08cc64842b9969d07531860e) Importer(815301076,1909f56bfc062723c751e8b465ee728b)  -> (artifact id: 'f695835c312fbe53098bc2c0f1f08108') in 0.009847 seconds 
  Import took 0.012161 seconds .

========================================================================
Received Import Request.
  Time since last request: 0.000149 seconds.
  path: Assets/Sprites/Hurt (1).png
  artifactKey: Guid(b702d1a92b8a83b4dbd0a3999fb4ce3e) Importer(815301076,1909f56bfc062723c751e8b465ee728b)
Start importing Assets/Sprites/Hurt (1).png using Guid(b702d1a92b8a83b4dbd0a3999fb4ce3e) Importer(815301076,1909f56bfc062723c751e8b465ee728b)  -> (artifact id: 'b2adcebbdcb7012587dc60cd6645e758') in 0.009134 seconds 
  Import took 0.011640 seconds .

========================================================================
Received Import Request.
  Time since last request: 0.000107 seconds.
  path: Assets/Sprites/Hurt (5).png
  artifactKey: Guid(d359bd81be2981a4ebabc661e4f56be5) Importer(815301076,1909f56bfc062723c751e8b465ee728b)
Start importing Assets/Sprites/Hurt (5).png using Guid(d359bd81be2981a4ebabc661e4f56be5) Importer(815301076,1909f56bfc062723c751e8b465ee728b)  -> (artifact id: 'd45faece522ef484d82490951f6b69c9') in 0.009777 seconds 
  Import took 0.012198 seconds .

========================================================================
Received Import Request.
  Time since last request: 0.000115 seconds.
  path: Assets/Sprites/Jump (6).png
  artifactKey: Guid(c7f1fd74ee077b743b6bbb4582c2a4d7) Importer(815301076,1909f56bfc062723c751e8b465ee728b)
Start importing Assets/Sprites/Jump (6).png using Guid(c7f1fd74ee077b743b6bbb4582c2a4d7) Importer(815301076,1909f56bfc062723c751e8b465ee728b)  -> (artifact id: 'd604b743412df44cad183f3fc7860dc9') in 0.009304 seconds 
  Import took 0.011636 seconds .

========================================================================
Received Import Request.
  Time since last request: 0.000122 seconds.
  path: Assets/Sprites/Jump (3).png
  artifactKey: Guid(e654b309cef157c49b6074a133af0ac8) Importer(815301076,1909f56bfc062723c751e8b465ee728b)
Start importing Assets/Sprites/Jump (3).png using Guid(e654b309cef157c49b6074a133af0ac8) Importer(815301076,1909f56bfc062723c751e8b465ee728b)  -> (artifact id: '30cbfff491391b63432ba4038084ee4e') in 0.009704 seconds 
  Import took 0.012032 seconds .

========================================================================
Received Import Request.
  Time since last request: 0.000154 seconds.
  path: Assets/Sprites/Idle (7).png
  artifactKey: Guid(5bc43a30d32e15743a814e57d98aebc8) Importer(815301076,1909f56bfc062723c751e8b465ee728b)
Start importing Assets/Sprites/Idle (7).png using Guid(5bc43a30d32e15743a814e57d98aebc8) Importer(815301076,1909f56bfc062723c751e8b465ee728b)  -> (artifact id: 'e34cbeaa4e6c7425ac94af5a5a927af3') in 0.009412 seconds 
  Import took 0.012009 seconds .

========================================================================
Received Import Request.
  Time since last request: 0.000122 seconds.
  path: Assets/Sprites/Run (3).png
  artifactKey: Guid(8c93a651929d6214fb6190a6475321bb) Importer(815301076,1909f56bfc062723c751e8b465ee728b)
Start importing Assets/Sprites/Run (3).png using Guid(8c93a651929d6214fb6190a6475321bb) Importer(815301076,1909f56bfc062723c751e8b465ee728b)  -> (artifact id: '853f9fae84608c2243c07ea92347e6a2') in 0.008990 seconds 
  Import took 0.011330 seconds .

========================================================================
Received Import Request.
  Time since last request: 0.000118 seconds.
  path: Assets/Sprites/Hurt (2).png
  artifactKey: Guid(2899d4bc91179ce4dba32859980ed726) Importer(815301076,1909f56bfc062723c751e8b465ee728b)
Start importing Assets/Sprites/Hurt (2).png using Guid(2899d4bc91179ce4dba32859980ed726) Importer(815301076,1909f56bfc062723c751e8b465ee728b)  -> (artifact id: '22fb08f36b3b0e951a225841b729b9af') in 0.009458 seconds 
  Import took 0.011916 seconds .

========================================================================
Received Import Request.
  Time since last request: 0.000124 seconds.
  path: Assets/Sprites/Fall (4).png
  artifactKey: Guid(54615b1bf2706ae43af7cf944868af32) Importer(815301076,1909f56bfc062723c751e8b465ee728b)
Start importing Assets/Sprites/Fall (4).png using Guid(54615b1bf2706ae43af7cf944868af32) Importer(815301076,1909f56bfc062723c751e8b465ee728b)  -> (artifact id: 'b8dbaa89fcf5661152f5577209dedce5') in 0.009274 seconds 
  Import took 0.011684 seconds .

========================================================================
Received Import Request.
  Time since last request: 0.000217 seconds.
  path: Assets/Sprites/Fall (3).png
  artifactKey: Guid(9367a1f619d1dbd489202558adff5b5d) Importer(815301076,1909f56bfc062723c751e8b465ee728b)
Start importing Assets/Sprites/Fall (3).png using Guid(9367a1f619d1dbd489202558adff5b5d) Importer(815301076,1909f56bfc062723c751e8b465ee728b)  -> (artifact id: '57ea8d5a88f256765bcd360e8eb8f2b7') in 0.009494 seconds 
  Import took 0.012051 seconds .

========================================================================
Received Import Request.
  Time since last request: 0.000133 seconds.
  path: Assets/Sprites/Idle (6).png
  artifactKey: Guid(5b39588a8d447aa489af2ccd103cf527) Importer(815301076,1909f56bfc062723c751e8b465ee728b)
Start importing Assets/Sprites/Idle (6).png using Guid(5b39588a8d447aa489af2ccd103cf527) Importer(815301076,1909f56bfc062723c751e8b465ee728b)  -> (artifact id: '35cb3121a916fcf84773afe3cc7260a0') in 0.008808 seconds 
  Import took 0.011203 seconds .

========================================================================
Received Import Request.
  Time since last request: 0.000122 seconds.
  path: Assets/Sprites/Idle (2).png
  artifactKey: Guid(b7ca88953becf7649b669e65bd213cb2) Importer(815301076,1909f56bfc062723c751e8b465ee728b)
Start importing Assets/Sprites/Idle (2).png using Guid(b7ca88953becf7649b669e65bd213cb2) Importer(815301076,1909f56bfc062723c751e8b465ee728b)  -> (artifact id: '9b635c607348f1f888dc71105daef5aa') in 0.009371 seconds 
  Import took 0.011782 seconds .

========================================================================
Received Import Request.
  Time since last request: 0.000127 seconds.
  path: Assets/Sprites/Run (7).png
  artifactKey: Guid(8641f5677b007714594761d6ae04f712) Importer(815301076,1909f56bfc062723c751e8b465ee728b)
Start importing Assets/Sprites/Run (7).png using Guid(8641f5677b007714594761d6ae04f712) Importer(815301076,1909f56bfc062723c751e8b465ee728b)  -> (artifact id: '2e2f415eef30636912bb91f7916c71d4') in 0.008851 seconds 
  Import took 0.011156 seconds .

========================================================================
Received Import Request.
  Time since last request: 0.000124 seconds.
  path: Assets/Sprites/Dead (8).png
  artifactKey: Guid(c72a9fed811716447bb77df7ebbc227c) Importer(815301076,1909f56bfc062723c751e8b465ee728b)
Start importing Assets/Sprites/Dead (8).png using Guid(c72a9fed811716447bb77df7ebbc227c) Importer(815301076,1909f56bfc062723c751e8b465ee728b)  -> (artifact id: '63db4b096280ba1e6630b57e2b17809b') in 0.009017 seconds 
  Import took 0.011515 seconds .

========================================================================
Received Import Request.
  Time since last request: 0.000160 seconds.
  path: Assets/Sprites/Idle (8).png
  artifactKey: Guid(b69411ae15c89854ab59b25df938820e) Importer(815301076,1909f56bfc062723c751e8b465ee728b)
Start importing Assets/Sprites/Idle (8).png using Guid(b69411ae15c89854ab59b25df938820e) Importer(815301076,1909f56bfc062723c751e8b465ee728b)  -> (artifact id: '177a1726e4f537d11bcfa3e993298974') in 0.009808 seconds 
  Import took 0.012154 seconds .

========================================================================
Received Import Request.
  Time since last request: 0.000110 seconds.
  path: Assets/Sprites/Jump (5).png
  artifactKey: Guid(8eaf7afef7a8a374197fbb503f4888bb) Importer(815301076,1909f56bfc062723c751e8b465ee728b)
Start importing Assets/Sprites/Jump (5).png using Guid(8eaf7afef7a8a374197fbb503f4888bb) Importer(815301076,1909f56bfc062723c751e8b465ee728b)  -> (artifact id: '57c67ab9b9889e58836383213d7b7745') in 0.010422 seconds 
  Import took 0.012689 seconds .

========================================================================
Received Import Request.
  Time since last request: 0.000167 seconds.
  path: Assets/Sprites/Run (8).png
  artifactKey: Guid(8d4b3297c446cbd40a595fa5016294cc) Importer(815301076,1909f56bfc062723c751e8b465ee728b)
Start importing Assets/Sprites/Run (8).png using Guid(8d4b3297c446cbd40a595fa5016294cc) Importer(815301076,1909f56bfc062723c751e8b465ee728b)  -> (artifact id: 'ebf9815c22ea7554162408f55c8800d4') in 0.009482 seconds 
  Import took 0.011841 seconds .

========================================================================
Received Import Request.
  Time since last request: 0.000129 seconds.
  path: Assets/Sprites/Dead (4).png
  artifactKey: Guid(c233483faed860a4d8666fbe3d2d7cae) Importer(815301076,1909f56bfc062723c751e8b465ee728b)
Start importing Assets/Sprites/Dead (4).png using Guid(c233483faed860a4d8666fbe3d2d7cae) Importer(815301076,1909f56bfc062723c751e8b465ee728b)  -> (artifact id: '867b790a933dd6cdd370766ad32ee8de') in 0.009413 seconds 
  Import took 0.011737 seconds .

========================================================================
Received Import Request.
  Time since last request: 0.000116 seconds.
  path: Assets/Sprites/Run (4).png
  artifactKey: Guid(765901fa39291f1488c6275ace4fd1c1) Importer(815301076,1909f56bfc062723c751e8b465ee728b)
Start importing Assets/Sprites/Run (4).png using Guid(765901fa39291f1488c6275ace4fd1c1) Importer(815301076,1909f56bfc062723c751e8b465ee728b)  -> (artifact id: '5ac58e764a4c41b2ea9e28bc77a6e86a') in 0.009472 seconds 
  Import took 0.012048 seconds .

========================================================================
Received Import Request.
  Time since last request: 0.000122 seconds.
  path: Assets/Sprites/Jump (1).png
  artifactKey: Guid(5e616898d7cc8e34293443c6d6c18183) Importer(815301076,1909f56bfc062723c751e8b465ee728b)
Start importing Assets/Sprites/Jump (1).png using Guid(5e616898d7cc8e34293443c6d6c18183) Importer(815301076,1909f56bfc062723c751e8b465ee728b)  -> (artifact id: '28163e83a2d9f12c33854df091cbd7be') in 0.009324 seconds 
  Import took 0.011625 seconds .

========================================================================
Received Import Request.
  Time since last request: 0.000161 seconds.
  path: Assets/Sprites/Run (5).png
  artifactKey: Guid(64639b62701210a47bfe20810a237241) Importer(815301076,1909f56bfc062723c751e8b465ee728b)
Start importing Assets/Sprites/Run (5).png using Guid(64639b62701210a47bfe20810a237241) Importer(815301076,1909f56bfc062723c751e8b465ee728b)  -> (artifact id: '118fc26d3778eb5485e8ce7419049bde') in 0.010007 seconds 
  Import took 0.012431 seconds .

========================================================================
Received Import Request.
  Time since last request: 0.000112 seconds.
  path: Assets/Sprites/Dead (10).png
  artifactKey: Guid(689188a0e2ec90d4bbcadae83a439833) Importer(815301076,1909f56bfc062723c751e8b465ee728b)
Start importing Assets/Sprites/Dead (10).png using Guid(689188a0e2ec90d4bbcadae83a439833) Importer(815301076,1909f56bfc062723c751e8b465ee728b)  -> (artifact id: 'be53ea9f2d8aa865c1b5c849691b5f7e') in 0.009510 seconds 
  Import took 0.011942 seconds .

========================================================================
Received Import Request.
  Time since last request: 0.000116 seconds.
  path: Assets/Sprites/Idle (3).png
  artifactKey: Guid(d13598f28ab529449988faf0fa009c3f) Importer(815301076,1909f56bfc062723c751e8b465ee728b)
Start importing Assets/Sprites/Idle (3).png using Guid(d13598f28ab529449988faf0fa009c3f) Importer(815301076,1909f56bfc062723c751e8b465ee728b)  -> (artifact id: '4e9c57f04fedf062a6008736727765b5') in 0.009685 seconds 
  Import took 0.012147 seconds .

========================================================================
Received Import Request.
  Time since last request: 0.000122 seconds.
  path: Assets/Sprites/Idle (9).png
  artifactKey: Guid(44c9ba087a0ed0e4e8b4fda8bf71afc9) Importer(815301076,1909f56bfc062723c751e8b465ee728b)
Start importing Assets/Sprites/Idle (9).png using Guid(44c9ba087a0ed0e4e8b4fda8bf71afc9) Importer(815301076,1909f56bfc062723c751e8b465ee728b)  -> (artifact id: '130e5b61b79eaf6af2ccbbe19e3cec06') in 0.009118 seconds 
  Import took 0.011409 seconds .

========================================================================
Received Import Request.
  Time since last request: 0.000183 seconds.
  path: Assets/Sprites/Dead (2).png
  artifactKey: Guid(4aa72504ff4262b4b93b4e43291e0c47) Importer(815301076,1909f56bfc062723c751e8b465ee728b)
Start importing Assets/Sprites/Dead (2).png using Guid(4aa72504ff4262b4b93b4e43291e0c47) Importer(815301076,1909f56bfc062723c751e8b465ee728b)  -> (artifact id: '85a4aae3bd642a40f0caf153ac942ef9') in 0.009567 seconds 
  Import took 0.011925 seconds .

========================================================================
Received Import Request.
  Time since last request: 0.000135 seconds.
  path: Assets/Sprites/Idle (10).png
  artifactKey: Guid(705e0778b4062c34ca124d2d678cb7fc) Importer(815301076,1909f56bfc062723c751e8b465ee728b)
Start importing Assets/Sprites/Idle (10).png using Guid(705e0778b4062c34ca124d2d678cb7fc) Importer(815301076,1909f56bfc062723c751e8b465ee728b)  -> (artifact id: 'f84bdea8e5af32d102df09b6eeec2991') in 0.009879 seconds 
  Import took 0.012306 seconds .

========================================================================
Received Import Request.
  Time since last request: 0.000123 seconds.
  path: Assets/Sprites/Idle (4).png
  artifactKey: Guid(d20ac8eb9c6314141bbcd7f9c4d67574) Importer(815301076,1909f56bfc062723c751e8b465ee728b)
Start importing Assets/Sprites/Idle (4).png using Guid(d20ac8eb9c6314141bbcd7f9c4d67574) Importer(815301076,1909f56bfc062723c751e8b465ee728b)  -> (artifact id: '1ac783c0c19adb0537945a2511bf8468') in 0.009791 seconds 
  Import took 0.012403 seconds .

========================================================================
Received Import Request.
  Time since last request: 0.000123 seconds.
  path: Assets/Sprites/Run (6).png
  artifactKey: Guid(518c0dcd6247a35429f8fd6361d131e3) Importer(815301076,1909f56bfc062723c751e8b465ee728b)
Start importing Assets/Sprites/Run (6).png using Guid(518c0dcd6247a35429f8fd6361d131e3) Importer(815301076,1909f56bfc062723c751e8b465ee728b)  -> (artifact id: 'f90d83ac116ea635b69e0a8ca210a2b4') in 0.009043 seconds 
  Import took 0.011489 seconds .

========================================================================
Received Import Request.
  Time since last request: 0.000169 seconds.
  path: Assets/Sprites/Fall (1).png
  artifactKey: Guid(a7e6b81a3737a624183ae76080c7898b) Importer(815301076,1909f56bfc062723c751e8b465ee728b)
Start importing Assets/Sprites/Fall (1).png using Guid(a7e6b81a3737a624183ae76080c7898b) Importer(815301076,1909f56bfc062723c751e8b465ee728b)  -> (artifact id: 'c3dc37d3858d35bcbeaa3f92a1d386ca') in 0.010167 seconds 
  Import took 0.012620 seconds .

========================================================================
Received Import Request.
  Time since last request: 0.000161 seconds.
  path: Assets/Sprites/Dead (3).png
  artifactKey: Guid(495e116925f93cd468fc7166f3a94143) Importer(815301076,1909f56bfc062723c751e8b465ee728b)
Start importing Assets/Sprites/Dead (3).png using Guid(495e116925f93cd468fc7166f3a94143) Importer(815301076,1909f56bfc062723c751e8b465ee728b)  -> (artifact id: '5a0c814eaeecf1d19eb730c47660d7dd') in 0.010961 seconds 
  Import took 0.013676 seconds .

========================================================================
Received Import Request.
  Time since last request: 0.000191 seconds.
  path: Assets/Sprites/Hurt (8).png
  artifactKey: Guid(5095ce28f5a1ca04783a18a9a61d6d25) Importer(815301076,1909f56bfc062723c751e8b465ee728b)
Start importing Assets/Sprites/Hurt (8).png using Guid(5095ce28f5a1ca04783a18a9a61d6d25) Importer(815301076,1909f56bfc062723c751e8b465ee728b)  -> (artifact id: 'ba877f0b6f45e28daf3e6eb12b65ad60') in 0.009390 seconds 
  Import took 0.011810 seconds .

========================================================================
Received Import Request.
  Time since last request: 0.000186 seconds.
  path: Assets/Sprites/Dead (5).png
  artifactKey: Guid(d8c1ea15ec96e0149979573615186612) Importer(815301076,1909f56bfc062723c751e8b465ee728b)
Start importing Assets/Sprites/Dead (5).png using Guid(d8c1ea15ec96e0149979573615186612) Importer(815301076,1909f56bfc062723c751e8b465ee728b)  -> (artifact id: '676a69b849c2c7587051d72db811b6d6') in 0.009456 seconds 
  Import took 0.012192 seconds .

========================================================================
Received Import Request.
  Time since last request: 0.000134 seconds.
  path: Assets/Sprites/Fall (2).png
  artifactKey: Guid(250fc11ffdce1be4cbed03bca7f5d802) Importer(815301076,1909f56bfc062723c751e8b465ee728b)
Start importing Assets/Sprites/Fall (2).png using Guid(250fc11ffdce1be4cbed03bca7f5d802) Importer(815301076,1909f56bfc062723c751e8b465ee728b)  -> (artifact id: '05b3a1d0aadaca70581e29a8c84f3b44') in 0.009634 seconds 
  Import took 0.012087 seconds .

========================================================================
Received Import Request.
  Time since last request: 0.000149 seconds.
  path: Assets/Sprites/Dead (9).png
  artifactKey: Guid(54119625f638c6e4d910da924137164d) Importer(815301076,1909f56bfc062723c751e8b465ee728b)
Start importing Assets/Sprites/Dead (9).png using Guid(54119625f638c6e4d910da924137164d) Importer(815301076,1909f56bfc062723c751e8b465ee728b)  -> (artifact id: '891598c0075122ce2a0877eea7c7083b') in 0.009303 seconds 
  Import took 0.011707 seconds .

========================================================================
Received Import Request.
  Time since last request: 0.000133 seconds.
  path: Assets/Sprites/Fall (8).png
  artifactKey: Guid(e8a50464ca1da794581f709bc850f2ef) Importer(815301076,1909f56bfc062723c751e8b465ee728b)
Start importing Assets/Sprites/Fall (8).png using Guid(e8a50464ca1da794581f709bc850f2ef) Importer(815301076,1909f56bfc062723c751e8b465ee728b)  -> (artifact id: 'b600af5fc5e12dfedea522693b995597') in 0.009300 seconds 
  Import took 0.011628 seconds .

========================================================================
Received Import Request.
  Time since last request: 0.000124 seconds.
  path: Assets/Sprites/Idle (1).png
  artifactKey: Guid(cd66ecf2b0dfe9f4b9c7d9431d33fa06) Importer(815301076,1909f56bfc062723c751e8b465ee728b)
Start importing Assets/Sprites/Idle (1).png using Guid(cd66ecf2b0dfe9f4b9c7d9431d33fa06) Importer(815301076,1909f56bfc062723c751e8b465ee728b)  -> (artifact id: 'c31f2e01ffc033bbdb4887d15c97358d') in 0.009704 seconds 
  Import took 0.012104 seconds .

========================================================================
Received Import Request.
  Time since last request: 0.000192 seconds.
  path: Assets/Sprites/Fall (7).png
  artifactKey: Guid(4ee11ea5bee0aba409a1a8c06f185903) Importer(815301076,1909f56bfc062723c751e8b465ee728b)
Start importing Assets/Sprites/Fall (7).png using Guid(4ee11ea5bee0aba409a1a8c06f185903) Importer(815301076,1909f56bfc062723c751e8b465ee728b)  -> (artifact id: '24bcc3c2f5c11bb36dfd167429135869') in 0.009589 seconds 
  Import took 0.011827 seconds .

========================================================================
Received Import Request.
  Time since last request: 0.000132 seconds.
  path: Assets/Sprites/Run (2).png
  artifactKey: Guid(d54d5d8c2ca8b8e43ab02168da7a51ce) Importer(815301076,1909f56bfc062723c751e8b465ee728b)
Start importing Assets/Sprites/Run (2).png using Guid(d54d5d8c2ca8b8e43ab02168da7a51ce) Importer(815301076,1909f56bfc062723c751e8b465ee728b)  -> (artifact id: 'e14f956ef55be123df8883769e6ce48c') in 0.009508 seconds 
  Import took 0.011994 seconds .

========================================================================
Received Import Request.
  Time since last request: 0.000123 seconds.
  path: Assets/Sprites/Hurt (6).png
  artifactKey: Guid(1d1021c5ff1cf0547934379517effbf8) Importer(815301076,1909f56bfc062723c751e8b465ee728b)
Start importing Assets/Sprites/Hurt (6).png using Guid(1d1021c5ff1cf0547934379517effbf8) Importer(815301076,1909f56bfc062723c751e8b465ee728b)  -> (artifact id: '70792b4144cda65774a3b6f6f79e7673') in 0.010614 seconds 
  Import took 0.012932 seconds .

========================================================================
Received Import Request.
  Time since last request: 7.964463 seconds.
  path: Assets/Sprites/Slide (2).png
  artifactKey: Guid(62cb87ffdb3244641a065482bb6be0b7) Importer(815301076,1909f56bfc062723c751e8b465ee728b)
Start importing Assets/Sprites/Slide (2).png using Guid(62cb87ffdb3244641a065482bb6be0b7) Importer(815301076,1909f56bfc062723c751e8b465ee728b)  -> (artifact id: '2a48d5283510b0b2d0496254bd7f5a03') in 0.011799 seconds 
  Import took 0.015271 seconds .

========================================================================
Received Import Request.
  Time since last request: 0.000206 seconds.
  path: Assets/Sprites/Slide (9).png
  artifactKey: Guid(1145a8cb50eb65b4fbe8c5b914c10ebc) Importer(815301076,1909f56bfc062723c751e8b465ee728b)
Start importing Assets/Sprites/Slide (9).png using Guid(1145a8cb50eb65b4fbe8c5b914c10ebc) Importer(815301076,1909f56bfc062723c751e8b465ee728b)  -> (artifact id: '308fded79111e2e823eeef4106e67157') in 0.015137 seconds 
  Import took 0.017463 seconds .

========================================================================
Received Import Request.
  Time since last request: 0.000267 seconds.
  path: Assets/Sprites/Slide (4).png
  artifactKey: Guid(cb317febe5223914ca1aa2ca420a13f9) Importer(815301076,1909f56bfc062723c751e8b465ee728b)
Start importing Assets/Sprites/Slide (4).png using Guid(cb317febe5223914ca1aa2ca420a13f9) Importer(815301076,1909f56bfc062723c751e8b465ee728b)  -> (artifact id: 'c6a9ba66c95c273d2b93d6a1170b23d8') in 0.016184 seconds 
  Import took 0.019090 seconds .

========================================================================
Received Import Request.
  Time since last request: 0.000133 seconds.
  path: Assets/Sprites/Walk (9).png
  artifactKey: Guid(9071b3f8974e8c342ac6dfde6a265d55) Importer(815301076,1909f56bfc062723c751e8b465ee728b)
Start importing Assets/Sprites/Walk (9).png using Guid(9071b3f8974e8c342ac6dfde6a265d55) Importer(815301076,1909f56bfc062723c751e8b465ee728b)  -> (artifact id: 'b097d0dae5f4cdf9fe10f74ce328ce22') in 0.011518 seconds 
  Import took 0.013776 seconds .

========================================================================
Received Import Request.
  Time since last request: 0.000251 seconds.
  path: Assets/Sprites/Slide (5).png
  artifactKey: Guid(15449793b6c84704d88dff6307340fb2) Importer(815301076,1909f56bfc062723c751e8b465ee728b)
Start importing Assets/Sprites/Slide (5).png using Guid(15449793b6c84704d88dff6307340fb2) Importer(815301076,1909f56bfc062723c751e8b465ee728b)  -> (artifact id: '4ad022933b73f24ecafc36dc8a0de4a9') in 0.017296 seconds 
  Import took 0.019915 seconds .

========================================================================
Received Import Request.
  Time since last request: 0.000119 seconds.
  path: Assets/Sprites/Slide (3).png
  artifactKey: Guid(91905ab4268e33244a203337d684f12b) Importer(815301076,1909f56bfc062723c751e8b465ee728b)
Start importing Assets/Sprites/Slide (3).png using Guid(91905ab4268e33244a203337d684f12b) Importer(815301076,1909f56bfc062723c751e8b465ee728b)  -> (artifact id: '40485fe48df7179369883b51a8b4df5a') in 0.012535 seconds 
  Import took 0.014972 seconds .

========================================================================
Received Import Request.
  Time since last request: 0.000139 seconds.
  path: Assets/Sprites/Slide (6).png
  artifactKey: Guid(bff861264623e57429f0adea26d7193f) Importer(815301076,1909f56bfc062723c751e8b465ee728b)
Start importing Assets/Sprites/Slide (6).png using Guid(bff861264623e57429f0adea26d7193f) Importer(815301076,1909f56bfc062723c751e8b465ee728b)  -> (artifact id: '693f9f16b2d9d4eeb2f50c81612523a7') in 0.013064 seconds 
  Import took 0.015406 seconds .

========================================================================
Received Import Request.
  Time since last request: 0.000138 seconds.
  path: Assets/Sprites/Walk (1).png
  artifactKey: Guid(2abadc7c1fc3b544a9c9cc0905446b6e) Importer(815301076,1909f56bfc062723c751e8b465ee728b)
Start importing Assets/Sprites/Walk (1).png using Guid(2abadc7c1fc3b544a9c9cc0905446b6e) Importer(815301076,1909f56bfc062723c751e8b465ee728b)  -> (artifact id: '3e01b734786b7bfe6703fe14b95ea343') in 0.011339 seconds 
  Import took 0.013563 seconds .

========================================================================
Received Import Request.
  Time since last request: 0.000189 seconds.
  path: Assets/Sprites/Walk (7).png
  artifactKey: Guid(ee748d1c78c56de46b63b5cac17c2eff) Importer(815301076,1909f56bfc062723c751e8b465ee728b)
Start importing Assets/Sprites/Walk (7).png using Guid(ee748d1c78c56de46b63b5cac17c2eff) Importer(815301076,1909f56bfc062723c751e8b465ee728b)  -> (artifact id: '7ece1523fe1eefc50f01fb135ff99646') in 0.012944 seconds 
  Import took 0.015133 seconds .

========================================================================
Received Import Request.
  Time since last request: 0.000187 seconds.
  path: Assets/Sprites/Walk (4).png
  artifactKey: Guid(42d02f3bc95911347bf3a52cc26dfdf2) Importer(815301076,1909f56bfc062723c751e8b465ee728b)
Start importing Assets/Sprites/Walk (4).png using Guid(42d02f3bc95911347bf3a52cc26dfdf2) Importer(815301076,1909f56bfc062723c751e8b465ee728b)  -> (artifact id: '6cd8de5184f11bfe417bfaaede77e4c6') in 0.009771 seconds 
  Import took 0.011960 seconds .

========================================================================
Received Import Request.
  Time since last request: 0.000218 seconds.
  path: Assets/Sprites/Slide (8).png
  artifactKey: Guid(00feb858435b8eb47ae23aaba6f3511b) Importer(815301076,1909f56bfc062723c751e8b465ee728b)
Start importing Assets/Sprites/Slide (8).png using Guid(00feb858435b8eb47ae23aaba6f3511b) Importer(815301076,1909f56bfc062723c751e8b465ee728b)  -> (artifact id: 'd857fc909464852b13422578d27ea556') in 0.010226 seconds 
  Import took 0.012480 seconds .

========================================================================
Received Import Request.
  Time since last request: 0.000260 seconds.
  path: Assets/Sprites/Slide (10).png
  artifactKey: Guid(663987a92016ac849aa30893030debc2) Importer(815301076,1909f56bfc062723c751e8b465ee728b)
Start importing Assets/Sprites/Slide (10).png using Guid(663987a92016ac849aa30893030debc2) Importer(815301076,1909f56bfc062723c751e8b465ee728b)  -> (artifact id: '08b46adecfde5560e507289b882ccb16') in 0.009945 seconds 
  Import took 0.012237 seconds .

========================================================================
Received Import Request.
  Time since last request: 0.000291 seconds.
  path: Assets/Sprites/Slide (7).png
  artifactKey: Guid(e3dd7ffdcba93d7438eb1ab73a174a98) Importer(815301076,1909f56bfc062723c751e8b465ee728b)
Start importing Assets/Sprites/Slide (7).png using Guid(e3dd7ffdcba93d7438eb1ab73a174a98) Importer(815301076,1909f56bfc062723c751e8b465ee728b)  -> (artifact id: 'c5116841fc4f7d1ced59f51ef60964f6') in 0.010376 seconds 
  Import took 0.012646 seconds .

========================================================================
Received Import Request.
  Time since last request: 0.000207 seconds.
  path: Assets/Sprites/Walk (6).png
  artifactKey: Guid(74f671cb4f535e94c9a58ccd56cea22b) Importer(815301076,1909f56bfc062723c751e8b465ee728b)
Start importing Assets/Sprites/Walk (6).png using Guid(74f671cb4f535e94c9a58ccd56cea22b) Importer(815301076,1909f56bfc062723c751e8b465ee728b)  -> (artifact id: '530b98dada7b95cca318b49efa4556e0') in 0.009969 seconds 
  Import took 0.012144 seconds .

========================================================================
Received Import Request.
  Time since last request: 0.000206 seconds.
  path: Assets/Sprites/Walk (8).png
  artifactKey: Guid(52d705cff87eaa641984c276fade49b2) Importer(815301076,1909f56bfc062723c751e8b465ee728b)
Start importing Assets/Sprites/Walk (8).png using Guid(52d705cff87eaa641984c276fade49b2) Importer(815301076,1909f56bfc062723c751e8b465ee728b)  -> (artifact id: '2e7ba3eebff007ea0ee09a69a9686282') in 0.010332 seconds 
  Import took 0.012639 seconds .

========================================================================
Received Import Request.
  Time since last request: 0.000299 seconds.
  path: Assets/Sprites/Walk (10).png
  artifactKey: Guid(625c947a99a2b2543b0ca53ad69eb1cd) Importer(815301076,1909f56bfc062723c751e8b465ee728b)
Start importing Assets/Sprites/Walk (10).png using Guid(625c947a99a2b2543b0ca53ad69eb1cd) Importer(815301076,1909f56bfc062723c751e8b465ee728b)  -> (artifact id: 'e7de642cff8421893da40e52e3b619a3') in 0.014458 seconds 
  Import took 0.016965 seconds .

========================================================================
Received Import Request.
  Time since last request: 0.000127 seconds.
  path: Assets/Sprites/Walk (3).png
  artifactKey: Guid(8b688db37963e8246beccb847bd85c00) Importer(815301076,1909f56bfc062723c751e8b465ee728b)
Start importing Assets/Sprites/Walk (3).png using Guid(8b688db37963e8246beccb847bd85c00) Importer(815301076,1909f56bfc062723c751e8b465ee728b)  -> (artifact id: 'b81010985d59741e6b4395386ab04bb3') in 0.010724 seconds 
  Import took 0.012988 seconds .

========================================================================
Received Import Request.
  Time since last request: 0.000175 seconds.
  path: Assets/Sprites/Walk (2).png
  artifactKey: Guid(dbf7ee3243fa2de4ca68c908b58763e5) Importer(815301076,1909f56bfc062723c751e8b465ee728b)
Start importing Assets/Sprites/Walk (2).png using Guid(dbf7ee3243fa2de4ca68c908b58763e5) Importer(815301076,1909f56bfc062723c751e8b465ee728b)  -> (artifact id: 'e490fa794a0b5924ddff24059cdcf248') in 0.024688 seconds 
  Import took 0.027024 seconds .

========================================================================
Received Import Request.
  Time since last request: 0.000127 seconds.
  path: Assets/Sprites/Walk (5).png
  artifactKey: Guid(b04e26f0f15a3f240b8d87900e432619) Importer(815301076,1909f56bfc062723c751e8b465ee728b)
Start importing Assets/Sprites/Walk (5).png using Guid(b04e26f0f15a3f240b8d87900e432619) Importer(815301076,1909f56bfc062723c751e8b465ee728b)  -> (artifact id: 'f841b747ffad3c6780a17335ec5c8d1f') in 0.016980 seconds 
  Import took 0.019225 seconds .

========================================================================
Received Import Request.
  Time since last request: 29.833725 seconds.
  path: Assets/Sprites/Idle (1) 1.png
  artifactKey: Guid(b0629df7d717f42408f264f9c954f82a) Importer(815301076,1909f56bfc062723c751e8b465ee728b)
Start importing Assets/Sprites/Idle (1) 1.png using Guid(b0629df7d717f42408f264f9c954f82a) Importer(815301076,1909f56bfc062723c751e8b465ee728b)  -> (artifact id: '2cfdd33b06f2b4e81d1b2a64caf9c627') in 0.017445 seconds 
  Import took 0.019909 seconds .

========================================================================
Received Import Request.
  Time since last request: 134.655023 seconds.
  path: Assets/Sprites/Idle (1) 2.png
  artifactKey: Guid(010780be2d01ce746b9e41205f31fed8) Importer(815301076,1909f56bfc062723c751e8b465ee728b)
Start importing Assets/Sprites/Idle (1) 2.png using Guid(010780be2d01ce746b9e41205f31fed8) Importer(815301076,1909f56bfc062723c751e8b465ee728b)  -> (artifact id: 'e343d72473b9781d7c1d088e00ef8ad2') in 0.013622 seconds 
  Import took 0.016377 seconds .

========================================================================
Received Import Request.
  Time since last request: 10.974853 seconds.
  path: Assets/Sprites/Idle (1) 3.png
  artifactKey: Guid(1fc2d896580cb03458e6a8ae4ce896f0) Importer(815301076,1909f56bfc062723c751e8b465ee728b)
Start importing Assets/Sprites/Idle (1) 3.png using Guid(1fc2d896580cb03458e6a8ae4ce896f0) Importer(815301076,1909f56bfc062723c751e8b465ee728b)  -> (artifact id: 'f04dd762202e87921b5c4ebb9ec79aa6') in 0.013911 seconds 
  Import took 0.016396 seconds .

========================================================================
Received Import Request.
  Time since last request: 88.323521 seconds.
  path: Assets/Sprites/Idle (1) 4.png
  artifactKey: Guid(4173d0812555bbe42bafd19ad203940b) Importer(815301076,1909f56bfc062723c751e8b465ee728b)
Start importing Assets/Sprites/Idle (1) 4.png using Guid(4173d0812555bbe42bafd19ad203940b) Importer(815301076,1909f56bfc062723c751e8b465ee728b)  -> (artifact id: 'f33372f5421908efe04cda6409435370') in 0.015003 seconds 
  Import took 0.018416 seconds .

========================================================================
Received Import Request.
  Time since last request: 57.032492 seconds.
  path: Assets/Sprites/Cat Controller.cs
  artifactKey: Guid(dcb56487adeb33b49bf19455c7f84524) Importer(815301076,1909f56bfc062723c751e8b465ee728b)
Start importing Assets/Sprites/Cat Controller.cs using Guid(dcb56487adeb33b49bf19455c7f84524) Importer(815301076,1909f56bfc062723c751e8b465ee728b)  -> (artifact id: '31e30d83fe0c126957512a1176db92f3') in 0.001918 seconds 
  Import took 0.004936 seconds .

========================================================================
Received Import Request.
  Time since last request: 1.009106 seconds.
  path: Assets/Sprites/Sprites
  artifactKey: Guid(e92cc5ceb596ae04e8aa512fb777aee0) Importer(815301076,1909f56bfc062723c751e8b465ee728b)
Start importing Assets/Sprites/Sprites using Guid(e92cc5ceb596ae04e8aa512fb777aee0) Importer(815301076,1909f56bfc062723c751e8b465ee728b)  -> (artifact id: '07459204d34bd02eb6b85a0dc154335c') in 0.001472 seconds 
  Import took 0.003964 seconds .

========================================================================
Received Prepare
Registering precompiled user dll's ...
Registered in 0.002929 seconds.
Begin MonoManager ReloadAssembly
Native extension for WindowsStandalone target not found
Refreshing native plugins compatible for Editor in 0.35 ms, found 3 plugins.
Preloading 0 native plugins for Editor in 0.00 ms.
Mono: successfully reloaded assembly
- Completed reload, in  0.617 seconds
Domain Reload Profiling:
	ReloadAssembly (618ms)
		BeginReloadAssembly (80ms)
			ExecutionOrderSort (0ms)
			DisableScriptedObjects (4ms)
			BackupInstance (0ms)
			ReleaseScriptingObjects (0ms)
			CreateAndSetChildDomain (22ms)
		EndReloadAssembly (500ms)
			LoadAssemblies (55ms)
			RebuildTransferFunctionScriptingTraits (0ms)
			SetupTypeCache (177ms)
			ReleaseScriptCaches (1ms)
			RebuildScriptCaches (26ms)
			SetupLoadedEditorAssemblies (180ms)
				LogAssemblyErrors (0ms)
				InitializePlatformSupportModulesInManaged (3ms)
				SetLoadedEditorAssemblies (0ms)
				RefreshPlugins (0ms)
				BeforeProcessingInitializeOnLoad (39ms)
				ProcessInitializeOnLoadAttributes (127ms)
				ProcessInitializeOnLoadMethodAttributes (7ms)
				AfterProcessingInitializeOnLoad (4ms)
				EditorAssembliesLoaded (0ms)
			ExecutionOrderSort2 (0ms)
			AwakeInstancesAfterBackupRestoration (5ms)
Platform modules already initialized, skipping
Refreshing native plugins compatible for Editor in 0.33 ms, found 3 plugins.
Preloading 0 native plugins for Editor in 0.00 ms.
Unloading 2187 Unused Serialized files (Serialized files now loaded: 0)
System memory in use before: 98.4 MB.
System memory in use after: 98.5 MB.

Unloading 18 unused Assets to reduce memory usage. Loaded Objects now: 2649.
Total: 2.005000 ms (FindLiveObjects: 0.112500 ms CreateObjectMapping: 0.036300 ms MarkObjects: 1.842100 ms  DeleteObjects: 0.013400 ms)

AssetImportParameters requested are different than current active one (requested -> active):
  custom:framework-win-MediaFoundation: 216162199b28c13a410421893ffa2e32 -> 
  custom:video-decoder-ogg-theora: a1e56fd34408186e4bbccfd4996cb3dc -> 
  custom:container-muxer-webm: aa71ff27fc2769a1b78a27578f13a17b -> 
  custom:container-demuxer-webm: 4f35f7cbe854078d1ac9338744f61a02 -> 
  custom:container-demuxer-ogg: 62fdf1f143b41e24485cea50d1cbac27 -> 
  custom:video-encoder-webm-vp8: eb34c28f22e8b96e1ab97ce403110664 -> 
  custom:video-decoder-webm-vp8: 9c59270c3fd7afecdb556c50c9e8de78 -> 
  custom:audio-decoder-ogg-vorbis: bf7c407c2cedff20999df2af8eb42d56 -> 
  custom:audio-encoder-webm-vorbis: bf7c407c2cedff20999df2af8eb42d56 -> 
========================================================================
Received Prepare
Registering precompiled user dll's ...
Registered in 0.002896 seconds.
Begin MonoManager ReloadAssembly
Native extension for WindowsStandalone target not found
Refreshing native plugins compatible for Editor in 0.34 ms, found 3 plugins.
Preloading 0 native plugins for Editor in 0.00 ms.
Mono: successfully reloaded assembly
- Completed reload, in  0.626 seconds
Domain Reload Profiling:
	ReloadAssembly (627ms)
		BeginReloadAssembly (84ms)
			ExecutionOrderSort (0ms)
			DisableScriptedObjects (4ms)
			BackupInstance (0ms)
			ReleaseScriptingObjects (0ms)
			CreateAndSetChildDomain (22ms)
		EndReloadAssembly (503ms)
			LoadAssemblies (56ms)
			RebuildTransferFunctionScriptingTraits (0ms)
			SetupTypeCache (179ms)
			ReleaseScriptCaches (1ms)
			RebuildScriptCaches (26ms)
			SetupLoadedEditorAssemblies (181ms)
				LogAssemblyErrors (0ms)
				InitializePlatformSupportModulesInManaged (3ms)
				SetLoadedEditorAssemblies (0ms)
				RefreshPlugins (0ms)
				BeforeProcessingInitializeOnLoad (38ms)
				ProcessInitializeOnLoadAttributes (128ms)
				ProcessInitializeOnLoadMethodAttributes (7ms)
				AfterProcessingInitializeOnLoad (4ms)
				EditorAssembliesLoaded (0ms)
			ExecutionOrderSort2 (0ms)
			AwakeInstancesAfterBackupRestoration (5ms)
Platform modules already initialized, skipping
Refreshing native plugins compatible for Editor in 0.32 ms, found 3 plugins.
Preloading 0 native plugins for Editor in 0.00 ms.
Unloading 2187 Unused Serialized files (Serialized files now loaded: 0)
System memory in use before: 98.4 MB.
System memory in use after: 98.5 MB.

Unloading 17 unused Assets to reduce memory usage. Loaded Objects now: 2651.
Total: 2.204400 ms (FindLiveObjects: 0.220600 ms CreateObjectMapping: 0.058300 ms MarkObjects: 1.912000 ms  DeleteObjects: 0.012600 ms)

AssetImportParameters requested are different than current active one (requested -> active):
  custom:framework-win-MediaFoundation: 216162199b28c13a410421893ffa2e32 -> 
  custom:video-decoder-ogg-theora: a1e56fd34408186e4bbccfd4996cb3dc -> 
  custom:container-muxer-webm: aa71ff27fc2769a1b78a27578f13a17b -> 
  custom:container-demuxer-webm: 4f35f7cbe854078d1ac9338744f61a02 -> 
  custom:container-demuxer-ogg: 62fdf1f143b41e24485cea50d1cbac27 -> 
  custom:video-encoder-webm-vp8: eb34c28f22e8b96e1ab97ce403110664 -> 
  custom:video-decoder-webm-vp8: 9c59270c3fd7afecdb556c50c9e8de78 -> 
  custom:audio-decoder-ogg-vorbis: bf7c407c2cedff20999df2af8eb42d56 -> 
  custom:audio-encoder-webm-vorbis: bf7c407c2cedff20999df2af8eb42d56 -> 
========================================================================
Received Prepare
Registering precompiled user dll's ...
Registered in 0.002779 seconds.
Begin MonoManager ReloadAssembly
Native extension for WindowsStandalone target not found
Refreshing native plugins compatible for Editor in 0.35 ms, found 3 plugins.
Preloading 0 native plugins for Editor in 0.00 ms.
Mono: successfully reloaded assembly
- Completed reload, in  0.625 seconds
Domain Reload Profiling:
	ReloadAssembly (626ms)
		BeginReloadAssembly (73ms)
			ExecutionOrderSort (0ms)
			DisableScriptedObjects (4ms)
			BackupInstance (0ms)
			ReleaseScriptingObjects (0ms)
			CreateAndSetChildDomain (21ms)
		EndReloadAssembly (514ms)
			LoadAssemblies (54ms)
			RebuildTransferFunctionScriptingTraits (0ms)
			SetupTypeCache (176ms)
			ReleaseScriptCaches (1ms)
			RebuildScriptCaches (30ms)
			SetupLoadedEditorAssemblies (191ms)
				LogAssemblyErrors (0ms)
				InitializePlatformSupportModulesInManaged (3ms)
				SetLoadedEditorAssemblies (0ms)
				RefreshPlugins (0ms)
				BeforeProcessingInitializeOnLoad (39ms)
				ProcessInitializeOnLoadAttributes (138ms)
				ProcessInitializeOnLoadMethodAttributes (7ms)
				AfterProcessingInitializeOnLoad (4ms)
				EditorAssembliesLoaded (0ms)
			ExecutionOrderSort2 (0ms)
			AwakeInstancesAfterBackupRestoration (6ms)
Platform modules already initialized, skipping
Refreshing native plugins compatible for Editor in 0.33 ms, found 3 plugins.
Preloading 0 native plugins for Editor in 0.00 ms.
Unloading 2187 Unused Serialized files (Serialized files now loaded: 0)
System memory in use before: 98.4 MB.
System memory in use after: 98.5 MB.

Unloading 17 unused Assets to reduce memory usage. Loaded Objects now: 2653.
Total: 2.002500 ms (FindLiveObjects: 0.105700 ms CreateObjectMapping: 0.046300 ms MarkObjects: 1.820700 ms  DeleteObjects: 0.028800 ms)

AssetImportParameters requested are different than current active one (requested -> active):
  custom:framework-win-MediaFoundation: 216162199b28c13a410421893ffa2e32 -> 
  custom:video-decoder-ogg-theora: a1e56fd34408186e4bbccfd4996cb3dc -> 
  custom:container-muxer-webm: aa71ff27fc2769a1b78a27578f13a17b -> 
  custom:container-demuxer-webm: 4f35f7cbe854078d1ac9338744f61a02 -> 
  custom:container-demuxer-ogg: 62fdf1f143b41e24485cea50d1cbac27 -> 
  custom:video-encoder-webm-vp8: eb34c28f22e8b96e1ab97ce403110664 -> 
  custom:video-decoder-webm-vp8: 9c59270c3fd7afecdb556c50c9e8de78 -> 
  custom:audio-decoder-ogg-vorbis: bf7c407c2cedff20999df2af8eb42d56 -> 
  custom:audio-encoder-webm-vorbis: bf7c407c2cedff20999df2af8eb42d56 -> 
========================================================================
Received Prepare
Registering precompiled user dll's ...
Registered in 0.003078 seconds.
Begin MonoManager ReloadAssembly
Native extension for WindowsStandalone target not found
Refreshing native plugins compatible for Editor in 0.34 ms, found 3 plugins.
Preloading 0 native plugins for Editor in 0.00 ms.
Mono: successfully reloaded assembly
- Completed reload, in  0.605 seconds
Domain Reload Profiling:
	ReloadAssembly (605ms)
		BeginReloadAssembly (83ms)
			ExecutionOrderSort (0ms)
			DisableScriptedObjects (4ms)
			BackupInstance (0ms)
			ReleaseScriptingObjects (0ms)
			CreateAndSetChildDomain (20ms)
		EndReloadAssembly (484ms)
			LoadAssemblies (53ms)
			RebuildTransferFunctionScriptingTraits (0ms)
			SetupTypeCache (168ms)
			ReleaseScriptCaches (1ms)
			RebuildScriptCaches (26ms)
			SetupLoadedEditorAssemblies (177ms)
				LogAssemblyErrors (0ms)
				InitializePlatformSupportModulesInManaged (3ms)
				SetLoadedEditorAssemblies (0ms)
				RefreshPlugins (0ms)
				BeforeProcessingInitializeOnLoad (37ms)
				ProcessInitializeOnLoadAttributes (126ms)
				ProcessInitializeOnLoadMethodAttributes (7ms)
				AfterProcessingInitializeOnLoad (4ms)
				EditorAssembliesLoaded (0ms)
			ExecutionOrderSort2 (0ms)
			AwakeInstancesAfterBackupRestoration (5ms)
Platform modules already initialized, skipping
Refreshing native plugins compatible for Editor in 0.32 ms, found 3 plugins.
Preloading 0 native plugins for Editor in 0.00 ms.
Unloading 2187 Unused Serialized files (Serialized files now loaded: 0)
System memory in use before: 98.4 MB.
System memory in use after: 98.5 MB.

Unloading 17 unused Assets to reduce memory usage. Loaded Objects now: 2655.
Total: 2.135700 ms (FindLiveObjects: 0.100100 ms CreateObjectMapping: 0.041200 ms MarkObjects: 1.969900 ms  DeleteObjects: 0.023600 ms)

AssetImportParameters requested are different than current active one (requested -> active):
  custom:framework-win-MediaFoundation: 216162199b28c13a410421893ffa2e32 -> 
  custom:video-decoder-ogg-theora: a1e56fd34408186e4bbccfd4996cb3dc -> 
  custom:container-muxer-webm: aa71ff27fc2769a1b78a27578f13a17b -> 
  custom:container-demuxer-webm: 4f35f7cbe854078d1ac9338744f61a02 -> 
  custom:container-demuxer-ogg: 62fdf1f143b41e24485cea50d1cbac27 -> 
  custom:video-encoder-webm-vp8: eb34c28f22e8b96e1ab97ce403110664 -> 
  custom:video-decoder-webm-vp8: 9c59270c3fd7afecdb556c50c9e8de78 -> 
  custom:audio-decoder-ogg-vorbis: bf7c407c2cedff20999df2af8eb42d56 -> 
  custom:audio-encoder-webm-vorbis: bf7c407c2cedff20999df2af8eb42d56 -> 
AssetImportWorkerClient::OnTransportError - code=2 error=End of file
